<?xml version="1.0" encoding="UTF-8"?>
<!-- Generated by org.testng.reporters.JUnitReportReporter -->
<testsuite hostname="nycpusagolube.local" name="test.nestle.CreateAccount" tests="1" failures="0" timestamp="29 May 2014 17:55:08 GMT" time="0.012" errors="0">
  <testcase name="f" time="0.012" classname="test.nestle.CreateAccount"/>
</testsuite> <!-- test.nestle.CreateAccount -->
